<?xml version="1.0" encoding="UTF-8"?>
<testsuites>
  <testsuite name="" tests="1" assertions="0" errors="0" failures="0" skipped="0" time="0.017628">
    <testsuite name="CodebarAG Test Suite" tests="1" assertions="0" errors="0" failures="0" skipped="0" time="0.017628">
      <testsuite name="P\Tests\Feature\FetchCommandTest" file="/Users/sebastian/Projects/packages/laravel-translations/vendor/pestphp/pest/src/Factories/TestCaseFactory.php(196) : eval()'d code" tests="1" assertions="0" errors="0" failures="0" skipped="0" time="0.017628">
        <testcase name="__pest_evaluable_can_fetch_translations" file="/Users/sebastian/Projects/packages/laravel-translations/vendor/pestphp/pest/src/Factories/TestCaseFactory.php(196) : eval()'d code" line="23" class="P\Tests\Feature\FetchCommandTest" classname="P.Tests.Feature.FetchCommandTest" assertions="0" time="0.017628"/>
      </testsuite>
    </testsuite>
  </testsuite>
</testsuites>
